<?xml version="1.0" encoding="UTF-8"?>
<testsuite name="com.co.ceiba.test.AccountManagerSpec" tests="3" skipped="0" failures="0" errors="0" timestamp="2018-05-03T18:48:28" hostname="SEBASTIAN-VASQUEZ" time="0.006">
  <properties/>
  <testcase name="itShouldTransfer" classname="com.co.ceiba.test.AccountManagerSpec" time="0.006"/>
  <testcase name="deberiaTransferirEntreDosCuentas" classname="com.co.ceiba.test.AccountManagerSpec" time="0.0"/>
  <testcase name="itShouldTransferBetweenTwoAccounts" classname="com.co.ceiba.test.AccountManagerSpec" time="0.0"/>
  <system-out><![CDATA[]]></system-out>
  <system-err><![CDATA[]]></system-err>
</testsuite>
